<?xml version="1.0" encoding="UTF-8"?>
<!-- Generated by org.testng.reporters.JUnitXMLReporter -->
<testsuite hostname="Sony-PC" ignored="0" name="Test" tests="6" failures="0" timestamp="27 Aug 2019 14:28:38 GMT" time="0.09" errors="0">
  <testcase name="Appiumlogin" time="0.016" classname="QaclickAcademy.AppiumTest"/>
  <testcase name="Appiumlogout" time="0.002" classname="QaclickAcademy.AppiumTest"/>
  <testcase name="Seleniumlogin" time="0.002" classname="QaclickAcademy.SeleniumTest"/>
  <testcase name="Seleniumlogout" time="0.003" classname="QaclickAcademy.SeleniumTest"/>
  <testcase name="RestAPIlogin" time="0.009" classname="QaclickAcademy.RestAPITest"/>
  <testcase name="RestAPIlogout" time="0.002" classname="QaclickAcademy.RestAPITest"/>
</testsuite> <!-- Test -->
