<?xml version="1.0" encoding="UTF-8"?>
<!-- Generated by org.testng.reporters.JUnitXMLReporter -->
<testsuite hostname="Sony-PC" ignored="0" name="Command line test" tests="6" failures="0" timestamp="27 Aug 2019 14:50:10 GMT" time="0.074" errors="0">
  <testcase name="Appiumlogin" time="0.013" classname="QaclickAcademy.AppiumTest"/>
  <testcase name="Appiumlogout" time="0.0" classname="QaclickAcademy.AppiumTest"/>
  <testcase name="RestAPIlogin" time="0.0" classname="QaclickAcademy.RestAPITest"/>
  <testcase name="RestAPIlogout" time="0.0" classname="QaclickAcademy.RestAPITest"/>
  <testcase name="Seleniumlogin" time="0.001" classname="QaclickAcademy.SeleniumTest"/>
  <testcase name="Seleniumlogout" time="0.0" classname="QaclickAcademy.SeleniumTest"/>
</testsuite> <!-- Command line test -->
